[21:47:07] [ServerMain/INFO]: Environment: Environment[sessionHost=https://sessionserver.mojang.com, servicesHost=https://api.minecraftservices.com, name=PROD]
[21:47:10] [ServerMain/INFO]: Loaded 1407 recipes
[21:47:10] [ServerMain/INFO]: Loaded 1520 advancements
[21:47:10] [Server thread/INFO]: Starting minecraft server version 1.21.8
[21:47:10] [Server thread/INFO]: Loading properties
[21:47:10] [Server thread/INFO]: Default game type: SURVIVAL
[21:47:10] [Server thread/INFO]: Generating keypair
[21:47:10] [Server thread/INFO]: Starting Minecraft server on *:25565
[21:47:10] [Server thread/INFO]: Using epoll channel type
[21:47:10] [Server thread/WARN]: **** SERVER IS RUNNING IN OFFLINE/INSECURE MODE!
[21:47:10] [Server thread/WARN]: The server will make no attempt to authenticate usernames. Beware.
[21:47:10] [Server thread/WARN]: While this makes the game possible to play without internet access, it also opens up the ability for hackers to connect with any username they choose.
[21:47:10] [Server thread/WARN]: To change this, set "online-mode" to "true" in the server.properties file.
[21:47:10] [Server thread/INFO]: Preparing level "world"
[21:47:11] [Server thread/INFO]: Preparing start region for dimension minecraft:overworld
[21:47:20] [Worker-Main-1/INFO]: Preparing spawn area: 0%
[21:47:20] [Worker-Main-1/INFO]: Preparing spawn area: 0%
[21:47:20] [Worker-Main-1/INFO]: Preparing spawn area: 0%
[21:47:20] [Worker-Main-1/INFO]: Preparing spawn area: 0%
[21:47:20] [Worker-Main-1/INFO]: Preparing spawn area: 0%
[21:47:20] [Worker-Main-1/INFO]: Preparing spawn area: 0%
[21:47:20] [Worker-Main-1/INFO]: Preparing spawn area: 0%
[21:47:20] [Worker-Main-1/INFO]: Preparing spawn area: 0%
[21:47:20] [Worker-Main-1/INFO]: Preparing spawn area: 0%
[21:47:20] [Worker-Main-1/INFO]: Preparing spawn area: 0%
[21:47:20] [Worker-Main-1/INFO]: Preparing spawn area: 0%
[21:47:20] [Worker-Main-1/INFO]: Preparing spawn area: 0%
[21:47:20] [Worker-Main-1/INFO]: Preparing spawn area: 0%
[21:47:20] [Worker-Main-1/INFO]: Preparing spawn area: 0%
[21:47:20] [Worker-Main-1/INFO]: Preparing spawn area: 0%
[21:47:20] [Worker-Main-1/INFO]: Preparing spawn area: 0%
[21:47:20] [Worker-Main-1/INFO]: Preparing spawn area: 0%
[21:47:20] [Worker-Main-1/INFO]: Preparing spawn area: 0%
[21:47:20] [Worker-Main-1/INFO]: Preparing spawn area: 0%
[21:47:20] [Server thread/INFO]: Time elapsed: 9477 ms
[21:47:20] [Server thread/INFO]: Done (9.999s)! For help, type "help"
[21:48:20] [Server thread/INFO]: Server empty for 60 seconds, pausing
[21:55:23] [Server thread/INFO]: dieggox[/127.159.131.189:39491] logged in with entity id 21 at (184.91852092865926, 97.5625, -63.431280182282016)
[21:55:23] [Server thread/INFO]: dieggox joined the game
